CRITICAL - 2024-01-05 15:17:24 --> Error: Call to undefined function url()
in APPPATH\Views\tema\ziyaretci\header.php on line 36.
 1 SYSTEMPATH\View\View.php(228): include()
 2 SYSTEMPATH\View\View.php(231): CodeIgniter\View\View->CodeIgniter\View\{closure}()
 3 SYSTEMPATH\Common.php(1178): CodeIgniter\View\View->render('tema/ziyaretci/header', [], true)
 4 APPPATH\Controllers\Anasayfa.php(9): view('tema/ziyaretci/header')
 5 SYSTEMPATH\CodeIgniter.php(941): App\Controllers\Anasayfa->index()
 6 SYSTEMPATH\CodeIgniter.php(502): CodeIgniter\CodeIgniter->runController(Object(App\Controllers\Anasayfa))
 7 SYSTEMPATH\CodeIgniter.php(361): CodeIgniter\CodeIgniter->handleRequest(null, Object(Config\Cache), false)
 8 FCPATH\index.php(79): CodeIgniter\CodeIgniter->run()
CRITICAL - 2024-01-05 15:17:46 --> Error: Call to undefined function url()
in APPPATH\Views\tema\ziyaretci\header.php on line 36.
 1 SYSTEMPATH\View\View.php(228): include()
 2 SYSTEMPATH\View\View.php(231): CodeIgniter\View\View->CodeIgniter\View\{closure}()
 3 SYSTEMPATH\Common.php(1178): CodeIgniter\View\View->render('tema/ziyaretci/header', [], true)
 4 APPPATH\Controllers\Anasayfa.php(9): view('tema/ziyaretci/header')
 5 SYSTEMPATH\CodeIgniter.php(941): App\Controllers\Anasayfa->index()
 6 SYSTEMPATH\CodeIgniter.php(502): CodeIgniter\CodeIgniter->runController(Object(App\Controllers\Anasayfa))
 7 SYSTEMPATH\CodeIgniter.php(361): CodeIgniter\CodeIgniter->handleRequest(null, Object(Config\Cache), false)
 8 FCPATH\index.php(79): CodeIgniter\CodeIgniter->run()
CRITICAL - 2024-01-05 15:17:47 --> Error: Call to undefined function url()
in APPPATH\Views\tema\ziyaretci\header.php on line 36.
 1 SYSTEMPATH\View\View.php(228): include()
 2 SYSTEMPATH\View\View.php(231): CodeIgniter\View\View->CodeIgniter\View\{closure}()
 3 SYSTEMPATH\Common.php(1178): CodeIgniter\View\View->render('tema/ziyaretci/header', [], true)
 4 APPPATH\Controllers\Anasayfa.php(9): view('tema/ziyaretci/header')
 5 SYSTEMPATH\CodeIgniter.php(941): App\Controllers\Anasayfa->index()
 6 SYSTEMPATH\CodeIgniter.php(502): CodeIgniter\CodeIgniter->runController(Object(App\Controllers\Anasayfa))
 7 SYSTEMPATH\CodeIgniter.php(361): CodeIgniter\CodeIgniter->handleRequest(null, Object(Config\Cache), false)
 8 FCPATH\index.php(79): CodeIgniter\CodeIgniter->run()
